--- Available filters and text transformations: colorize, debug, default, direct, esp32_exception_decoder, hexlify, log2file, nocontrol, printable, send_on_enter, time
--- More details at http://bit.ly/pio-monitor-filters
␛[0;32mI (100615) tasks: Time beacon task iteration 20␛[0m
␛[0;32mI (105615) tasks: Time beacon task iteration 21␛[0m
␛[0;32mI (106285) blemesh: ESP_BLE_MESH_NODE_PROV_LINK_OPEN_EVT, bearer PB-ADV␛[0m
␛[0;33mW (106495) BLE_MESH: bt_mesh_attention, No Health Server context provided␛[0m
␛[0;32mI (110615) tasks: Time beacon task iteration 22␛[0m
␛[0;32mI (112515) blemesh: ESP_BLE_MESH_NODE_PROV_COMPLETE_EVT␛[0m
␛[0;32mI (112515) blemesh: net_idx: 0x0000, addr: 0x0002␛[0m
␛[0;32mI (112515) blemesh: flags: 0x00, iv_index: 0x00000000␛[0m
␛[0;32mI (112515) blemesh: Provision COMPLETED!␛[0m
␛[0;33mW (112895) BLE_MESH: bt_mesh_attention, No Health Server context provided␛[0m
␛[0;32mI (112895) blemesh: ESP_BLE_MESH_NODE_PROV_LINK_CLOSE_EVT, bearer PB-ADV␛[0m
␛[0;32mI (113185) blemesh: BUM BUM BUM CONFIG SERVER␛[0m
␛[0;32mI (113185) blemesh: ESP_BLE_MESH_MODEL_OP_APP_KEY_ADD␛[0m
␛[0;32mI (113185) blemesh: net_idx 0x0000, app_idx 0x0000␛[0m
␛[0;32mI (113185) AppKey: 33 0c 2e 0c 59 0c 44 0c 4f 92 59 90 43 18 59 6f ␛[0m
␛[0;32mI (113795) blemesh: BUM BUM BUM CONFIG SERVER␛[0m
␛[0;32mI (113795) blemesh: ESP_BLE_MESH_MODEL_OP_MODEL_APP_BIND␛[0m
␛[0;32mI (113795) blemesh: elem_addr 0x0002, app_idx 0x0000, cid 0x02e5, mod_id 0x00a2␛[0m
␛[0;32mI (114075) blemesh: BUM BUM BUM CONFIG SERVER␛[0m
␛[0;32mI (114075) blemesh: ESP_BLE_MESH_MODEL_OP_MODEL_APP_BIND␛[0m
␛[0;32mI (114075) blemesh: elem_addr 0x0002, app_idx 0x0000, cid 0x02e5, mod_id 0x00a4␛[0m
␛[0;32mI (115615) tasks: Time beacon task iteration 23␛[0m
␛[0;32mI (119255) blemesh: custom model cb␛[0m
␛[0;32mI (119255) blemesh: TIMESYNC_VND_MODEL_OP_BEACON Recv 0xd002e5 for addr 0001␛[0m
␛[0;32mI (119255) tasks: Logic time threshold excedded, jumping into the future of 1590257195866ms␛[0m
␛[0;32mI (120615) tasks: Time beacon task iteration 24␛[0m
␛[0;32mI (120615) tasks: Current local logic time: 1590257197225.147461 ms, offset diff/rate: 0.000000/0.000000␛[0m
␛[0;32mI (120615) blemesh: custom model cb␛[0m
␛[0;32mI (120615) blemesh: custom model cb␛[0m
␛[0;32mI (120625) blemesh: Send 0xd002e5␛[0m
␛[0;32mI (124255) blemesh: custom model cb␛[0m
␛[0;32mI (124255) blemesh: TIMESYNC_VND_MODEL_OP_BEACON Recv 0xd002e5 for addr 0001␛[0m
␛[0;32mI (124255) tasks: New neighbour detected: 0x0001␛[0m
␛[0;32mI (124255) tasks: Beacon from 0x0001: relative_logic_rate 0.000000, offset -5.756592␛[0m
␛[0;32mI (124265) tasks: logic time: 1590257200868 (high/low: 370 1119301348) hardware_time: 12005␛[0m
␛[0;32mI (125615) tasks: Time beacon task iteration 25␛[0m
␛[0;32mI (125615) tasks: Current local logic time: 1590257202233.141113 ms, offset diff/rate: -2.878296/0.000000␛[0m
␛[0;32mI (125615) blemesh: custom model cb␛[0m
␛[0;32mI (125615) blemesh: custom model cb␛[0m
␛[0;32mI (125625) blemesh: Send 0xd002e5␛[0m
␛[0;32mI (129255) blemesh: custom model cb␛[0m
␛[0;32mI (129255) blemesh: TIMESYNC_VND_MODEL_OP_BEACON Recv 0xd002e5 for addr 0001␛[0m
␛[0;32mI (129255) tasks: delta local/neighbour: 5008.275641/5003␛[0m
␛[0;32mI (129255) tasks: Beacon from 0x0001: relative_logic_rate -0.001053, offset -7.153809␛[0m
␛[0;32mI (129265) tasks: logic time: 1590257205872 (high/low: 370 1119306352) hardware_time: 17008␛[0m
␛[0;32mI (130615) tasks: Time beacon task iteration 26␛[0m
␛[0;32mI (130615) tasks: Current local logic time: 1590257207238.275635 ms, offset diff/rate: -3.576904/0.000000␛[0m
␛[0;32mI (130615) blemesh: custom model cb␛[0m
␛[0;32mI (130615) blemesh: custom model cb␛[0m
␛[0;32mI (130625) blemesh: Send 0xd002e5␛[0m
␛[0;32mI (134255) blemesh: custom model cb␛[0m
␛[0;32mI (134255) blemesh: TIMESYNC_VND_MODEL_OP_BEACON Recv 0xd002e5 for addr 0001␛[0m
␛[0;32mI (134255) tasks: delta local/neighbour: 5007.967949/5000␛[0m
␛[0;32mI (134255) tasks: Beacon from 0x0001: relative_logic_rate -0.001591, offset -11.544678␛[0m
␛[0;32mI (134265) tasks: logic time: 1590257210872 (high/low: 370 1119311352) hardware_time: 22008␛[0m
␛[0;32mI (135615) tasks: Time beacon task iteration 27␛[0m
␛[0;32mI (135615) tasks: Current local logic time: 1590257212242.717773 ms, offset diff/rate: -5.772339/0.000000␛[0m
␛[0;32mI (135615) blemesh: custom model cb␛[0m
␛[0;32mI (135615) blemesh: custom model cb␛[0m
␛[0;32mI (135625) blemesh: Send 0xd002e5␛[0m
␛[0;32mI (139255) blemesh: custom model cb␛[0m
␛[0;32mI (139255) blemesh: TIMESYNC_VND_MODEL_OP_BEACON Recv 0xd002e5 for addr 0001␛[0m
␛[0;32mI (139255) tasks: delta local/neighbour: 5008.019231/5003␛[0m
␛[0;32mI (139255) tasks: Beacon from 0x0001: relative_logic_rate -0.001002, offset -10.791748␛[0m
␛[0;32mI (139265) tasks: logic time: 1590257215875 (high/low: 370 1119316355) hardware_time: 27011␛[0m
␛[0;32mI (140615) tasks: Time beacon task iteration 28␛[0m
␛[0;32mI (140615) tasks: Current local logic time: 1590257217244.952148 ms, offset diff/rate: -5.395874/0.000000␛[0m
␛[0;32mI (140615) blemesh: custom model cb␛[0m
␛[0;32mI (140615) blemesh: custom model cb␛[0m
␛[0;32mI (140625) blemesh: Send 0xd002e5␛[0m
␛[0;32mI (144275) blemesh: custom model cb␛[0m
␛[0;32mI (144275) blemesh: TIMESYNC_VND_MODEL_OP_BEACON Recv 0xd002e5 for addr 0001␛[0m
␛[0;32mI (144275) tasks: delta local/neighbour: 5028.019231/5003␛[0m
␛[0;32mI (144275) tasks: Beacon from 0x0001: relative_logic_rate -0.004976, offset -30.415039␛[0m
␛[0;32mI (144285) tasks: logic time: 1590257220878 (high/low: 370 1119321358) hardware_time: 32014␛[0m
␛[0;32mI (145615) tasks: Time beacon task iteration 29␛[0m
␛[0;32mI (145615) tasks: Current local logic time: 1590257222247.575195 ms, offset diff/rate: -15.207520/0.000000␛[0m
␛[0;32mI (145615) blemesh: custom model cb␛[0m
␛[0;32mI (145615) blemesh: custom model cb␛[0m
␛[0;32mI (145625) blemesh: Send 0xd002e5␛[0m
␛[0;32mI (149275) blemesh: custom model cb␛[0m
␛[0;32mI (149275) blemesh: TIMESYNC_VND_MODEL_OP_BEACON Recv 0xd002e5 for addr 0001␛[0m
␛[0;32mI (149275) tasks: delta local/neighbour: 5008.051282/5004␛[0m
␛[0;32mI (149275) tasks: Beacon from 0x0001: relative_logic_rate -0.000809, offset -19.258789␛[0m
␛[0;32mI (149285) tasks: logic time: 1590257225882 (high/low: 370 1119326362) hardware_time: 37018␛[0m
␛[0;32mI (150615) tasks: Time beacon task iteration 30␛[0m
␛[0;32mI (150615) tasks: Current local logic time: 1590257227240.374268 ms, offset diff/rate: -9.629395/0.000000␛[0m
␛[0;32mI (150615) blemesh: custom model cb␛[0m
␛[0;32mI (150615) blemesh: custom model cb␛[0m
␛[0;32mI (150625) blemesh: Send 0xd002e5␛[0m
␛[0;32mI (154275) blemesh: custom model cb␛[0m
␛[0;32mI (154275) blemesh: TIMESYNC_VND_MODEL_OP_BEACON Recv 0xd002e5 for addr 0001␛[0m
␛[0;32mI (154275) tasks: delta local/neighbour: 5007.480769/5003␛[0m
␛[0;32mI (154275) tasks: Beacon from 0x0001: relative_logic_rate -0.000895, offset -14.110107␛[0m
␛[0;32mI (154285) tasks: logic time: 1590257230885 (high/low: 370 1119331365) hardware_time: 42021␛[0m
␛[0;32mI (155615) tasks: Time beacon task iteration 31␛[0m
␛[0;32mI (155615) tasks: Current local logic time: 1590257232238.757568 ms, offset diff/rate: -7.055054/0.000000␛[0m
␛[0;32mI (155615) blemesh: custom model cb␛[0m
␛[0;32mI (155615) blemesh: custom model cb␛[0m
␛[0;32mI (155625) blemesh: Send 0xd002e5␛[0m
␛[0;32mI (159275) blemesh: custom model cb␛[0m
␛[0;32mI (159275) blemesh: TIMESYNC_VND_MODEL_OP_BEACON Recv 0xd002e5 for addr 0001␛[0m
␛[0;32mI (159275) tasks: delta local/neighbour: 5008.538462/5003␛[0m
␛[0;32mI (159275) tasks: Beacon from 0x0001: relative_logic_rate -0.001106, offset -12.593506␛[0m
␛[0;32mI (159285) tasks: logic time: 1590257235888 (high/low: 370 1119336368) hardware_time: 47024␛[0m
␛[0;32mI (160615) tasks: Time beacon task iteration 32␛[0m
␛[0;32mI (160615) tasks: Current local logic time: 1590257237239.715332 ms, offset diff/rate: -6.296753/0.000000␛[0m
␛[0;32mI (160615) blemesh: custom model cb␛[0m
␛[0;32mI (160615) blemesh: custom model cb␛[0m
␛[0;32mI (160625) blemesh: Send 0xd002e5␛[0m
␛[0;32mI (164275) blemesh: custom model cb␛[0m
␛[0;32mI (164275) blemesh: TIMESYNC_VND_MODEL_OP_BEACON Recv 0xd002e5 for addr 0001␛[0m
␛[0;32mI (164275) tasks: delta local/neighbour: 5007.980769/5005␛[0m
␛[0;32mI (164275) tasks: Beacon from 0x0001: relative_logic_rate -0.000595, offset -10.277344␛[0m
␛[0;32mI (164285) tasks: logic time: 1590257240892 (high/low: 370 1119341372) hardware_time: 52029␛[0m
␛[0;32mI (165615) tasks: Time beacon task iteration 33␛[0m
␛[0;32mI (165615) tasks: Current local logic time: 1590257242241.437500 ms, offset diff/rate: -5.138672/0.000000␛[0m
␛[0;32mI (165615) blemesh: custom model cb␛[0m
␛[0;32mI (165615) blemesh: custom model cb␛[0m
␛[0;32mI (165625) blemesh: Send 0xd002e5␛[0m
␛[0;32mI (169295) blemesh: custom model cb␛[0m
␛[0;32mI (169295) blemesh: TIMESYNC_VND_MODEL_OP_BEACON Recv 0xd002e5 for addr 0001␛[0m
␛[0;32mI (169295) tasks: delta local/neighbour: 5028.096154/5002␛[0m
␛[0;32mI (169295) tasks: Beacon from 0x0001: relative_logic_rate -0.005190, offset -30.234863␛[0m
␛[0;32mI (169305) tasks: logic time: 1590257245895 (high/low: 370 1119346375) hardware_time: 57031␛[0m
␛[0;32mI (170615) tasks: Time beacon task iteration 34␛[0m
␛[0;32mI (170615) tasks: Current local logic time: 1590257247244.305420 ms, offset diff/rate: -15.117432/0.000000␛[0m
␛[0;32mI (170615) blemesh: custom model cb␛[0m
␛[0;32mI (170615) blemesh: custom model cb␛[0m
␛[0;32mI (170625) blemesh: Send 0xd002e5␛[0m
␛[0;32mI (174295) blemesh: custom model cb␛[0m
␛[0;32mI (174295) blemesh: TIMESYNC_VND_MODEL_OP_BEACON Recv 0xd002e5 for addr 0001␛[0m
␛[0;32mI (174295) tasks: delta local/neighbour: 5007.506410/5003␛[0m
␛[0;32mI (174295) tasks: Beacon from 0x0001: relative_logic_rate -0.000900, offset -19.623779␛[0m
␛[0;32mI (174305) tasks: logic time: 1590257250898 (high/low: 370 1119351378) hardware_time: 62034␛[0m
␛[0;32mI (175615) tasks: Time beacon task iteration 35␛[0m
␛[0;32mI (175615) tasks: Current local logic time: 1590257252237.200684 ms, offset diff/rate: -9.811890/0.000000␛[0m
␛[0;32mI (175615) blemesh: custom model cb␛[0m
␛[0;32mI (175615) blemesh: custom model cb␛[0m
␛[0;32mI (175625) blemesh: Send 0xd002e5␛[0m
␛[0;32mI (179295) blemesh: custom model cb␛[0m
␛[0;32mI (179295) blemesh: TIMESYNC_VND_MODEL_OP_BEACON Recv 0xd002e5 for addr 0001␛[0m
␛[0;32mI (179295) tasks: delta local/neighbour: 5008.506410/5004␛[0m
␛[0;32mI (179295) tasks: Beacon from 0x0001: relative_logic_rate -0.000900, offset -14.318359␛[0m
␛[0;32mI (179305) tasks: logic time: 1590257255902 (high/low: 370 1119356382) hardware_time: 1502␛[0m
␛[0;32mI (180615) tasks: Time beacon task iteration 36␛[0m
␛[0;32mI (180615) tasks: Current local logic time: 1590257257235.401855 ms, offset diff/rate: -7.159180/0.000000␛[0m
␛[0;32mI (180615) blemesh: custom model cb␛[0m
␛[0;32mI (180615) blemesh: custom model cb␛[0m
␛[0;32mI (180625) blemesh: Send 0xd002e5␛[0m
␛[0;32mI (184295) blemesh: custom model cb␛[0m
␛[0;32mI (184295) blemesh: TIMESYNC_VND_MODEL_OP_BEACON Recv 0xd002e5 for addr 0001␛[0m
␛[0;32mI (184295) tasks: delta local/neighbour: 5007.961538/5003␛[0m
␛[0;32mI (184295) tasks: Beacon from 0x0001: relative_logic_rate -0.000991, offset -12.120850␛[0m
␛[0;32mI (184305) tasks: logic time: 1590257260905 (high/low: 370 1119361385) hardware_time: 6505␛[0m
␛[0;32mI (185615) tasks: Time beacon task iteration 37␛[0m
␛[0;32mI (185615) tasks: Current local logic time: 1590257262236.261719 ms, offset diff/rate: -6.060425/0.000000␛[0m
␛[0;32mI (185615) blemesh: custom model cb␛[0m
␛[0;32mI (185615) blemesh: custom model cb␛[0m
␛[0;32mI (185625) blemesh: Send 0xd002e5␛[0m
␛[0;32mI (189295) blemesh: custom model cb␛[0m
␛[0;32mI (189295) blemesh: TIMESYNC_VND_MODEL_OP_BEACON Recv 0xd002e5 for addr 0001␛[0m
␛[0;32mI (189295) tasks: delta local/neighbour: 5008.089744/5003␛[0m
␛[0;32mI (189295) tasks: Beacon from 0x0001: relative_logic_rate -0.001016, offset -11.149902␛[0m
␛[0;32mI (189305) tasks: logic time: 1590257265908 (high/low: 370 1119366388) hardware_time: 11508␛[0m
␛[0;32mI (190615) tasks: Time beacon task iteration 38␛[0m
␛[0;32mI (190615) tasks: Current local logic time: 1590257267238.207764 ms, offset diff/rate: -5.574951/0.000000␛[0m
␛[0;32mI (190615) blemesh: custom model cb␛[0m
␛[0;32mI (190615) blemesh: custom model cb␛[0m
␛[0;32mI (190625) blemesh: Send 0xd002e5␛[0m
␛[0;32mI (194295) blemesh: custom model cb␛[0m
␛[0;32mI (194295) blemesh: TIMESYNC_VND_MODEL_OP_BEACON Recv 0xd002e5 for addr 0001␛[0m
␛[0;32mI (194295) tasks: delta local/neighbour: 5007.455128/5004␛[0m
␛[0;32mI (194295) tasks: Beacon from 0x0001: relative_logic_rate -0.000690, offset -10.030273␛[0m
␛[0;32mI (194305) tasks: logic time: 1590257270911 (high/low: 370 1119371391) hardware_time: 16512␛[0m
␛[0;32mI (195615) tasks: Time beacon task iteration 39␛[0m
␛[0;32mI (195615) tasks: Current local logic time: 1590257272240.645508 ms, offset diff/rate: -5.015137/0.000000␛[0m
␛[0;32mI (195615) blemesh: custom model cb␛[0m
␛[0;32mI (195615) blemesh: custom model cb␛[0m
␛[0;32mI (195625) blemesh: Send 0xd002e5␛[0m
␛[0;32mI (199315) blemesh: custom model cb␛[0m
␛[0;32mI (199315) blemesh: TIMESYNC_VND_MODEL_OP_BEACON Recv 0xd002e5 for addr 0001␛[0m
␛[0;32mI (199315) tasks: delta local/neighbour: 5028.570513/5000␛[0m
␛[0;32mI (199315) tasks: Beacon from 0x0001: relative_logic_rate -0.005682, offset -33.585449␛[0m
␛[0;32mI (199325) tasks: logic time: 1590257275911 (high/low: 370 1119376391) hardware_time: 21512␛[0m
␛[0;32mI (200615) tasks: Time beacon task iteration 40␛[0m
␛[0;32mI (200615) tasks: Current local logic time: 1590257277243.643311 ms, offset diff/rate: -16.792725/0.000000␛[0m
␛[0;32mI (200615) blemesh: custom model cb␛[0m
␛[0;32mI (200615) blemesh: custom model cb␛[0m
␛[0;32mI (200625) blemesh: Send 0xd002e5␛[0m
␛[0;32mI (204295) blemesh: custom model cb␛[0m
␛[0;32mI (204295) blemesh: TIMESYNC_VND_MODEL_OP_BEACON Recv 0xd002e5 for addr 0001␛[0m
␛[0;32mI (204295) tasks: delta local/neighbour: 4987.974359/5000␛[0m
␛[0;32mI (204295) tasks: Beacon from 0x0001: relative_logic_rate 0.002411, offset -3.767090␛[0m
␛[0;32mI (204305) tasks: logic time: 1590257280912 (high/low: 370 1119381392) hardware_time: 26512␛[0m
␛[0;32mI (205615) tasks: Time beacon task iteration 41␛[0m
␛[0;32mI (205615) tasks: Current local logic time: 1590257282234.869629 ms, offset diff/rate: -1.883545/0.000000␛[0m
␛[0;32mI (205615) blemesh: custom model cb␛[0m
␛[0;32mI (205615) blemesh: custom model cb␛[0m
␛[0;32mI (205625) blemesh: Send 0xd002e5␛[0m
␛[0;32mI (210615) tasks: Time beacon task iteration 42␛[0m
␛[0;32mI (210615) tasks: Current local logic time: 1590257287241.319580 ms, offset diff/rate: -1.883545/0.000000␛[0m
␛[0;32mI (210615) blemesh: custom model cb␛[0m
␛[0;32mI (210615) blemesh: custom model cb␛[0m
␛[0;32mI (210625) blemesh: Send 0xd002e5␛[0m
␛[0;32mI (214315) blemesh: custom model cb␛[0m
␛[0;32mI (214315) blemesh: TIMESYNC_VND_MODEL_OP_BEACON Recv 0xd002e5 for addr 0001␛[0m
␛[0;32mI (214315) tasks: delta local/neighbour: 10035.506410/10007␛[0m
␛[0;32mI (214315) tasks: Beacon from 0x0001: relative_logic_rate -0.002841, offset -28.506592␛[0m
␛[0;32mI (214325) tasks: logic time: 1590257290919 (high/low: 370 1119391399) hardware_time: 36519␛[0m
␛[0;32mI (215625) tasks: Time beacon task iteration 43␛[0m
␛[0;32mI (215625) tasks: Current local logic time: 1590257292257.070557 ms, offset diff/rate: -14.253296/0.000000␛[0m
␛[0;32mI (215625) blemesh: custom model cb␛[0m
␛[0;32mI (215625) blemesh: custom model cb␛[0m
␛[0;32mI (215635) blemesh: Send 0xd002e5␛[0m
␛[0;32mI (219315) blemesh: custom model cb␛[0m
␛[0;32mI (219315) blemesh: TIMESYNC_VND_MODEL_OP_BEACON Recv 0xd002e5 for addr 0001␛[0m
␛[0;32mI (219315) tasks: delta local/neighbour: 5008.583333/5003␛[0m
␛[0;32mI (219315) tasks: Beacon from 0x0001: relative_logic_rate -0.001115, offset -19.836426␛[0m
␛[0;32mI (219325) tasks: logic time: 1590257295922 (high/low: 370 1119396402) hardware_time: 41522␛[0m
␛[0;32mI (220625) tasks: Time beacon task iteration 44␛[0m
␛[0;32mI (220625) tasks: Current local logic time: 1590257297250.830078 ms, offset diff/rate: -9.918213/0.000000␛[0m
␛[0;32mI (220625) blemesh: custom model cb␛[0m
␛[0;32mI (220625) blemesh: custom model cb␛[0m
␛[0;32mI (220635) blemesh: Send 0xd002e5␛[0m
␛[0;32mI (224315) blemesh: custom model cb␛[0m
␛[0;32mI (224315) blemesh: TIMESYNC_VND_MODEL_OP_BEACON Recv 0xd002e5 for addr 0001␛[0m
␛[0;32mI (224315) tasks: delta local/neighbour: 5007.961538/5003␛[0m
␛[0;32mI (224315) tasks: Beacon from 0x0001: relative_logic_rate -0.000991, offset -14.879639␛[0m
␛[0;32mI (224325) tasks: logic time: 1590257300925 (high/low: 370 1119401405) hardware_time: 46525␛[0m
␛[0;32mI (225625) tasks: Time beacon task iteration 45␛[0m
␛[0;32mI (225625) tasks: Current local logic time: 1590257302248.924561 ms, offset diff/rate: -7.439819/0.000000␛[0m
␛[0;32mI (225625) blemesh: custom model cb␛[0m
␛[0;32mI (225625) blemesh: custom model cb␛[0m
␛[0;32mI (225635) blemesh: Send 0xd002e5␛[0m
␛[0;32mI (229315) blemesh: custom model cb␛[0m
␛[0;32mI (229315) blemesh: TIMESYNC_VND_MODEL_OP_BEACON Recv 0xd002e5 for addr 0001␛[0m
␛[0;32mI (229315) tasks: delta local/neighbour: 5008.070513/5004␛[0m
␛[0;32mI (229315) tasks: Beacon from 0x0001: relative_logic_rate -0.000813, offset -12.510498␛[0m
␛[0;32mI (229325) tasks: logic time: 1590257305928 (high/low: 370 1119406408) hardware_time: 51529␛[0m
␛[0;32mI (230625) tasks: Time beacon task iteration 46␛[0m
␛[0;32mI (230625) tasks: Current local logic time: 1590257307249.497803 ms, offset diff/rate: -6.255249/0.000000␛[0m
␛[0;32mI (230625) blemesh: custom model cb␛[0m
␛[0;32mI (230625) blemesh: custom model cb␛[0m
␛[0;32mI (230635) blemesh: Send 0xd002e5␛[0m
␛[0;32mI (234315) blemesh: custom model cb␛[0m
␛[0;32mI (234315) blemesh: TIMESYNC_VND_MODEL_OP_BEACON Recv 0xd002e5 for addr 0001␛[0m
␛[0;32mI (234315) tasks: delta local/neighbour: 5007.993590/5003␛[0m
␛[0;32mI (234315) tasks: Beacon from 0x0001: relative_logic_rate -0.000997, offset -11.248779␛[0m
␛[0;32mI (234325) tasks: logic time: 1590257310931 (high/low: 370 1119411411) hardware_time: 56532␛[0m
␛[0;32mI (235625) tasks: Time beacon task iteration 47␛[0m
␛[0;32mI (235625) tasks: Current local logic time: 1590257312251.255127 ms, offset diff/rate: -5.624390/0.000000␛[0m
␛[0;32mI (235625) blemesh: custom model cb␛[0m
␛[0;32mI (235625) blemesh: custom model cb␛[0m
␛[0;32mI (235635) blemesh: Send 0xd002e5␛[0m
␛[0;32mI (239335) blemesh: custom model cb␛[0m
␛[0;32mI (239335) blemesh: TIMESYNC_VND_MODEL_OP_BEACON Recv 0xd002e5 for addr 0001␛[0m
␛[0;32mI (239335) tasks: delta local/neighbour: 5028.044872/5003␛[0m
␛[0;32mI (239335) tasks: Beacon from 0x0001: relative_logic_rate -0.004981, offset -29.669189␛[0m
␛[0;32mI (239345) tasks: logic time: 1590257315935 (high/low: 370 1119416415) hardware_time: 61535␛[0m
␛[0;32mI (240625) tasks: Time beacon task iteration 48␛[0m
␛[0;32mI (240625) tasks: Current local logic time: 1590257317253.643555 ms, offset diff/rate: -14.834595/0.000000␛[0m
␛[0;32mI (240625) blemesh: custom model cb␛[0m
␛[0;32mI (240625) blemesh: custom model cb␛[0m
␛[0;32mI (240635) blemesh: Send 0xd002e5␛[0m
␛[0;32mI (244335) blemesh: custom model cb␛[0m
␛[0;32mI (244335) blemesh: TIMESYNC_VND_MODEL_OP_BEACON Recv 0xd002e5 for addr 0001␛[0m
␛[0;32mI (244335) tasks: delta local/neighbour: 5007.961538/5000␛[0m
␛[0;32mI (244335) tasks: Beacon from 0x0001: relative_logic_rate -0.001590, offset -22.796143␛[0m
␛[0;32mI (244345) tasks: logic time: 1590257320935 (high/low: 370 1119421415) hardware_time: 999␛[0m
␛[0;32mI (245625) tasks: Time beacon task iteration 49␛[0m
␛[0;32mI (245625) tasks: Current local logic time: 1590257322246.821777 ms, offset diff/rate: -11.398071/0.000000␛[0m
␛[0;32mI (245625) blemesh: custom model cb␛[0m
␛[0;32mI (245625) blemesh: custom model cb␛[0m
␛[0;32mI (245635) blemesh: Send 0xd002e5␛[0m
␛[0;32mI (249335) blemesh: custom model cb␛[0m
␛[0;32mI (249335) blemesh: TIMESYNC_VND_MODEL_OP_BEACON Recv 0xd002e5 for addr 0001␛[0m
␛[0;32mI (249335) tasks: delta local/neighbour: 5008.064103/5000␛[0m
␛[0;32mI (249335) tasks: Beacon from 0x0001: relative_logic_rate -0.001610, offset -19.462402␛[0m
␛[0;32mI (249345) tasks: logic time: 1590257325935 (high/low: 370 1119426415) hardware_time: 5999␛[0m
␛[0;32mI (250625) tasks: Time beacon task iteration 50␛[0m
␛[0;32mI (250625) tasks: Current local logic time: 1590257327243.436768 ms, offset diff/rate: -9.731201/0.000000␛[0m
␛[0;32mI (250625) blemesh: custom model cb␛[0m
␛[0;32mI (250625) blemesh: custom model cb␛[0m
␛[0;32mI (250635) blemesh: Send 0xd002e5␛[0m
␛[0;32mI (254335) blemesh: custom model cb␛[0m
␛[0;32mI (254335) blemesh: TIMESYNC_VND_MODEL_OP_BEACON Recv 0xd002e5 for addr 0001␛[0m
␛[0;32mI (254335) tasks: delta local/neighbour: 5007.993590/5003␛[0m
␛[0;32mI (254335) tasks: Beacon from 0x0001: relative_logic_rate -0.000997, offset -14.724854␛[0m
␛[0;32mI (254345) tasks: logic time: 1590257330938 (high/low: 370 1119431418) hardware_time: 11002␛[0m
␛[0;32mI (255625) tasks: Time beacon task iteration 51␛[0m
␛[0;32mI (255625) tasks: Current local logic time: 1590257332241.718262 ms, offset diff/rate: -7.362427/0.000000␛[0m
␛[0;32mI (255625) blemesh: custom model cb␛[0m
␛[0;32mI (255625) blemesh: custom model cb␛[0m
␛[0;32mI (255635) blemesh: Send 0xd002e5␛[0m
␛[0;32mI (259335) blemesh: custom model cb␛[0m
␛[0;32mI (259335) blemesh: TIMESYNC_VND_MODEL_OP_BEACON Recv 0xd002e5 for addr 0001␛[0m
␛[0;32mI (259335) tasks: delta local/neighbour: 5007.705128/5004␛[0m
␛[0;32mI (259335) tasks: Beacon from 0x0001: relative_logic_rate -0.000740, offset -11.067383␛[0m
␛[0;32mI (259345) tasks: logic time: 1590257335942 (high/low: 370 1119436422) hardware_time: 16006␛[0m
␛[0;32mI (260625) tasks: Time beacon task iteration 52␛[0m
␛[0;32mI (260625) tasks: Current local logic time: 1590257337242.368652 ms, offset diff/rate: -5.533691/0.000000␛[0m
␛[0;32mI (260625) blemesh: custom model cb␛[0m
␛[0;32mI (260625) blemesh: custom model cb␛[0m
␛[0;32mI (260635) blemesh: Send 0xd002e5␛[0m
␛[0;32mI (264215) blemesh: custom model cb␛[0m
␛[0;32mI (264215) blemesh: TASK_VND_MODEL_OP_ENQUEUE Recv 0xc202e5, func code 0xbb, data len: 11, time: 1590257400000␛[0m
␛[0;32mI (264215) blemesh: enqueuing task␛[0m
␛[0;32mI (264225) tasks: Adding task to task queue and setting an alarm␛[0m
␛[0;32mI (264225) tasks: Setting an alarm␛[0m
␛[0;32mI (264235) tasks: Task enqueued, alert set for 50417672␛[0m
␛[0;32mI (264335) blemesh: custom model cb␛[0m
␛[0;32mI (264335) blemesh: TIMESYNC_VND_MODEL_OP_BEACON Recv 0xd002e5 for addr 0001␛[0m
␛[0;32mI (264335) tasks: delta local/neighbour: 5008.198718/5000␛[0m
␛[0;32mI (264335) tasks: Beacon from 0x0001: relative_logic_rate -0.001637, offset -13.732422␛[0m
␛[0;32mI (264345) tasks: logic time: 1590257340942 (high/low: 370 1119441422) hardware_time: 21006␛[0m
␛[0;32mI (265625) tasks: Time beacon task iteration 53␛[0m
␛[0;32mI (265625) tasks: Current local logic time: 1590257342245.142578 ms, offset diff/rate: -6.866211/0.000000␛[0m
␛[0;32mI (265625) blemesh: custom model cb␛[0m
␛[0;32mI (265625) blemesh: custom model cb␛[0m
␛[0;32mI (265635) blemesh: Send 0xd002e5␛[0m
␛[0;32mI (270635) tasks: Time beacon task iteration 54␛[0m
␛[0;32mI (270635) tasks: Current local logic time: 1590257347256.417480 ms, offset diff/rate: -6.866211/0.000000␛[0m
␛[0;32mI (270635) blemesh: custom model cb␛[0m
␛[0;32mI (270635) blemesh: custom model cb␛[0m
␛[0;32mI (270645) blemesh: Send 0xd002e5␛[0m
␛[0;32mI (274355) blemesh: custom model cb␛[0m
␛[0;32mI (274355) blemesh: TIMESYNC_VND_MODEL_OP_BEACON Recv 0xd002e5 for addr 0001␛[0m
␛[0;32mI (274355) tasks: delta local/neighbour: 10036.128205/10007␛[0m
␛[0;32mI (274355) tasks: Beacon from 0x0001: relative_logic_rate -0.002902, offset -30.128174␛[0m
␛[0;32mI (274365) tasks: logic time: 1590257350948 (high/low: 370 1119451428) hardware_time: 31013␛[0m
␛[0;32mI (275645) tasks: Time beacon task iteration 55␛[0m
␛[0;32mI (275645) tasks: Current local logic time: 1590257352267.179443 ms, offset diff/rate: -15.064087/0.000000␛[0m
␛[0;32mI (275645) blemesh: custom model cb␛[0m
␛[0;32mI (275645) blemesh: custom model cb␛[0m
␛[0;32mI (275655) blemesh: Send 0xd002e5␛[0m
␛[0;32mI (279355) blemesh: custom model cb␛[0m
␛[0;32mI (279355) blemesh: TIMESYNC_VND_MODEL_OP_BEACON Recv 0xd002e5 for addr 0001␛[0m
␛[0;32mI (279355) tasks: delta local/neighbour: 5008.102564/5003␛[0m
␛[0;32mI (279355) tasks: Beacon from 0x0001: relative_logic_rate -0.001019, offset -19.166748␛[0m
␛[0;32mI (279365) tasks: logic time: 1590257355952 (high/low: 370 1119456432) hardware_time: 36016␛[0m
␛[0;32mI (280645) tasks: Time beacon task iteration 56␛[0m
␛[0;32mI (280645) tasks: Current local logic time: 1590257357260.128174 ms, offset diff/rate: -9.583374/0.000000␛[0m
␛[0;32mI (280645) blemesh: custom model cb␛[0m
␛[0;32mI (280645) blemesh: custom model cb␛[0m
␛[0;32mI (280655) blemesh: Send 0xd002e5␛[0m
␛[0;32mI (284355) blemesh: custom model cb␛[0m
␛[0;32mI (284355) blemesh: TIMESYNC_VND_MODEL_OP_BEACON Recv 0xd002e5 for addr 0001␛[0m
␛[0;32mI (284355) tasks: delta local/neighbour: 5007.474359/5003␛[0m
␛[0;32mI (284355) tasks: Beacon from 0x0001: relative_logic_rate -0.000894, offset -14.057617␛[0m
␛[0;32mI (284365) tasks: logic time: 1590257360955 (high/low: 370 1119461435) hardware_time: 41019␛[0m
␛[0;32mI (285645) tasks: Time beacon task iteration 57␛[0m
␛[0;32mI (285645) tasks: Current local logic time: 1590257362258.557617 ms, offset diff/rate: -7.028809/0.000000␛[0m
␛[0;32mI (285645) blemesh: custom model cb␛[0m
␛[0;32mI (285645) blemesh: custom model cb␛[0m
␛[0;32mI (285655) blemesh: Send 0xd002e5␛[0m
␛[0;32mI (289355) blemesh: custom model cb␛[0m
␛[0;32mI (289355) blemesh: TIMESYNC_VND_MODEL_OP_BEACON Recv 0xd002e5 for addr 0001␛[0m
␛[0;32mI (289355) tasks: delta local/neighbour: 5008.602564/5003␛[0m
␛[0;32mI (289355) tasks: Beacon from 0x0001: relative_logic_rate -0.001119, offset -12.631348␛[0m
␛[0;32mI (289365) tasks: logic time: 1590257365958 (high/low: 370 1119466438) hardware_time: 46022␛[0m
␛[0;32mI (290645) tasks: Time beacon task iteration 58␛[0m
␛[0;32mI (290645) tasks: Current local logic time: 1590257367259.541504 ms, offset diff/rate: -6.315674/0.000000␛[0m
␛[0;32mI (290645) blemesh: custom model cb␛[0m
␛[0;32mI (290645) blemesh: custom model cb␛[0m
␛[0;32mI (290655) blemesh: Send 0xd002e5␛[0m
␛[0;32mI (294355) blemesh: custom model cb␛[0m
␛[0;32mI (294355) blemesh: TIMESYNC_VND_MODEL_OP_BEACON Recv 0xd002e5 for addr 0001␛[0m
␛[0;32mI (294355) tasks: delta local/neighbour: 5007.929487/5004␛[0m
␛[0;32mI (294355) tasks: Beacon from 0x0001: relative_logic_rate -0.000785, offset -11.245117␛[0m
␛[0;32mI (294365) tasks: logic time: 1590257370961 (high/low: 370 1119471441) hardware_time: 51026␛[0m
␛[0;32mI (295645) tasks: Time beacon task iteration 59␛[0m
␛[0;32mI (295645) tasks: Current local logic time: 1590257372261.238770 ms, offset diff/rate: -5.622559/0.000000␛[0m
␛[0;32mI (295645) blemesh: custom model cb␛[0m
␛[0;32mI (295645) blemesh: custom model cb␛[0m
␛[0;32mI (295655) blemesh: Send 0xd002e5␛[0m
␛[0;32mI (299355) blemesh: custom model cb␛[0m
␛[0;32mI (299355) blemesh: TIMESYNC_VND_MODEL_OP_BEACON Recv 0xd002e5 for addr 0001␛[0m
␛[0;32mI (299355) tasks: delta local/neighbour: 5008.032051/5003␛[0m
␛[0;32mI (299355) tasks: Beacon from 0x0001: relative_logic_rate -0.001005, offset -9.654541␛[0m
␛[0;32mI (299365) tasks: logic time: 1590257375965 (high/low: 370 1119476445) hardware_time: 56029␛[0m
␛[0;32mI (300645) tasks: Time beacon task iteration 60␛[0m
␛[0;32mI (300645) tasks: Current local logic time: 1590257377263.628906 ms, offset diff/rate: -4.827271/0.000000␛[0m
␛[0;32mI (300645) blemesh: custom model cb␛[0m
␛[0;32mI (300645) blemesh: custom model cb␛[0m
␛[0;32mI (300655) blemesh: Send 0xd002e5␛[0m
␛[0;32mI (305645) tasks: Time beacon task iteration 61␛[0m
␛[0;32mI (305645) tasks: Current local logic time: 1590257382267.141357 ms, offset diff/rate: -4.827271/0.000000␛[0m
␛[0;32mI (305645) blemesh: custom model cb␛[0m
␛[0;32mI (305645) blemesh: custom model cb␛[0m
␛[0;32mI (305655) blemesh: Send 0xd002e5␛[0m
␛[0;32mI (309375) blemesh: custom model cb␛[0m
␛[0;32mI (309375) blemesh: TIMESYNC_VND_MODEL_OP_BEACON Recv 0xd002e5 for addr 0001␛[0m
␛[0;32mI (309375) tasks: delta local/neighbour: 10036.070513/10007␛[0m
␛[0;32mI (309375) tasks: Beacon from 0x0001: relative_logic_rate -0.002897, offset -30.070557␛[0m
␛[0;32mI (309385) tasks: logic time: 1590257385971 (high/low: 370 1119486451) hardware_time: 500␛[0m
␛[0;32mI (310655) tasks: Time beacon task iteration 62␛[0m
␛[0;32mI (310655) tasks: Current local logic time: 1590257387280.077148 ms, offset diff/rate: -15.035278/0.000000␛[0m
␛[0;32mI (310655) blemesh: custom model cb␛[0m
␛[0;32mI (310655) blemesh: custom model cb␛[0m
␛[0;32mI (310665) blemesh: Send 0xd002e5␛[0m
␛[0;32mI (314375) blemesh: custom model cb␛[0m
␛[0;32mI (314375) blemesh: TIMESYNC_VND_MODEL_OP_BEACON Recv 0xd002e5 for addr 0001␛[0m
␛[0;32mI (314375) tasks: delta local/neighbour: 5007.467949/5003␛[0m
␛[0;32mI (314375) tasks: Beacon from 0x0001: relative_logic_rate -0.000892, offset -18.503418␛[0m
␛[0;32mI (314385) tasks: logic time: 1590257390975 (high/low: 370 1119491455) hardware_time: 5503␛[0m
␛[0;32mI (315655) tasks: Time beacon task iteration 63␛[0m
␛[0;32mI (315655) tasks: Current local logic time: 1590257392273.048340 ms, offset diff/rate: -9.251709/0.000000␛[0m
␛[0;32mI (315655) blemesh: custom model cb␛[0m
␛[0;32mI (315655) blemesh: custom model cb␛[0m
␛[0;32mI (315665) blemesh: Send 0xd002e5␛[0m
␛[0;32mI (319375) blemesh: custom model cb␛[0m
␛[0;32mI (319375) blemesh: TIMESYNC_VND_MODEL_OP_BEACON Recv 0xd002e5 for addr 0001␛[0m
␛[0;32mI (319375) tasks: delta local/neighbour: 5008.544872/5003␛[0m
␛[0;32mI (319375) tasks: Beacon from 0x0001: relative_logic_rate -0.001107, offset -14.796631␛[0m
␛[0;32mI (319385) tasks: logic time: 1590257395978 (high/low: 370 1119496458) hardware_time: 10506␛[0m
␛[0;32mI (320655) tasks: Time beacon task iteration 64␛[0m
␛[0;32mI (320655) tasks: Current local logic time: 1590257397271.815918 ms, offset diff/rate: -7.398315/0.000000␛[0m
␛[0;32mI (320655) blemesh: custom model cb␛[0m
␛[0;32mI (320655) blemesh: custom model cb␛[0m
␛[0;32mI (320665) blemesh: Send 0xd002e5␛[0m
Timer triggered!
Pushing to queue task_id bb!
␛[0;32mI (323385) tasks: Executing task with func id bb, ptr to task: 0x3ffba2d8␛[0m
␛[0;32mI (323385) tasks: Executing inner-function of task with func id bb ptr: 0x400d3cf4 arg_data ptr: 0x0␛[0m
␛[0;32mI (323395) blink: Task started␛[0m
␛[0;32mI (324375) blemesh: custom model cb␛[0m
␛[0;32mI (324375) blemesh: TIMESYNC_VND_MODEL_OP_BEACON Recv 0xd002e5 for addr 0001␛[0m
␛[0;32mI (324375) tasks: delta local/neighbour: 5008.019231/5004␛[0m
␛[0;32mI (324375) tasks: Beacon from 0x0001: relative_logic_rate -0.000803, offset -12.417725␛[0m
␛[0;32mI (324385) tasks: logic time: 1590257400981 (high/low: 370 1119501461) hardware_time: 15510␛[0m
␛[0;32mI (325655) tasks: Time beacon task iteration 65␛[0m
␛[0;32mI (325655) tasks: Current local logic time: 1590257402272.443359 ms, offset diff/rate: -6.208862/0.000000␛[0m
␛[0;32mI (325655) blemesh: custom model cb␛[0m
␛[0;32mI (325655) blemesh: custom model cb␛[0m
␛[0;32mI (325665) blemesh: Send 0xd002e5␛[0m
␛[0;32mI (326395) tasks: Task bb returned with data length 1␛[0m
␛[0;32mI (326395) tasks: Task finished␛[0m
␛[0;32mI (329375) blemesh: custom model cb␛[0m
␛[0;32mI (329375) blemesh: TIMESYNC_VND_MODEL_OP_BEACON Recv 0xd002e5 for addr 0001␛[0m
␛[0;32mI (329375) tasks: delta local/neighbour: 5008.076923/5003␛[0m
␛[0;32mI (329375) tasks: Beacon from 0x0001: relative_logic_rate -0.001014, offset -10.285645␛[0m
␛[0;32mI (329385) tasks: logic time: 1590257405985 (high/low: 370 1119506465) hardware_time: 20513␛[0m
␛[0;32mI (330655) tasks: Time beacon task iteration 66␛[0m
␛[0;32mI (330655) tasks: Current local logic time: 1590257407274.240723 ms, offset diff/rate: -5.142822/0.000000␛[0m
␛[0;32mI (330655) blemesh: custom model cb␛[0m
␛[0;32mI (330655) blemesh: custom model cb␛[0m
␛[0;32mI (330665) blemesh: Send 0xd002e5␛[0m
␛[0;32mI (334395) blemesh: custom model cb␛[0m
␛[0;32mI (334395) blemesh: TIMESYNC_VND_MODEL_OP_BEACON Recv 0xd002e5 for addr 0001␛[0m
␛[0;32mI (334395) tasks: delta local/neighbour: 5027.935897/5005␛[0m
␛[0;32mI (334395) tasks: Beacon from 0x0001: relative_logic_rate -0.004562, offset -28.078613␛[0m
␛[0;32mI (334405) tasks: logic time: 1590257410990 (high/low: 370 1119511470) hardware_time: 25518␛[0m
␛[0;32mI (335655) tasks: Time beacon task iteration 67␛[0m
␛[0;32mI (335655) tasks: Current local logic time: 1590257412277.104248 ms, offset diff/rate: -14.039307/0.000000␛[0m
␛[0;32mI (335655) blemesh: custom model cb␛[0m
␛[0;32mI (335655) blemesh: custom model cb␛[0m
␛[0;32mI (335665) blemesh: Send 0xd002e5␛[0m
␛[0;32mI (340655) tasks: Time beacon task iteration 68␛[0m
␛[0;32mI (340655) tasks: Current local logic time: 1590257417271.430420 ms, offset diff/rate: -14.039307/0.000000␛[0m
␛[0;32mI (340655) blemesh: custom model cb␛[0m
␛[0;32mI (340655) blemesh: custom model cb␛[0m
␛[0;32mI (340665) blemesh: Send 0xd002e5␛[0m
␛[0;32mI (344395) blemesh: custom model cb␛[0m
␛[0;32mI (344395) blemesh: TIMESYNC_VND_MODEL_OP_BEACON Recv 0xd002e5 for addr 0001␛[0m
␛[0;32mI (344395) tasks: delta local/neighbour: 10015.525641/10006␛[0m
␛[0;32mI (344395) tasks: Beacon from 0x0001: relative_logic_rate -0.000951, offset -10.525635␛[0m
␛[0;32mI (344405) tasks: logic time: 1590257420995 (high/low: 370 1119521475) hardware_time: 35524␛[0m
␛[0;32mI (345665) tasks: Time beacon task iteration 69␛[0m
␛[0;32mI (345665) tasks: Current local logic time: 1590257422275.006348 ms, offset diff/rate: -5.262817/0.000000␛[0m
␛[0;32mI (345665) blemesh: custom model cb␛[0m
␛[0;32mI (345665) blemesh: custom model cb␛[0m
␛[0;32mI (345675) blemesh: Send 0xd002e5␛[0m
␛[0;32mI (349395) blemesh: custom model cb␛[0m
␛[0;32mI (349395) blemesh: TIMESYNC_VND_MODEL_OP_BEACON Recv 0xd002e5 for addr 0001␛[0m
␛[0;32mI (349395) tasks: delta local/neighbour: 5008.615385/5002␛[0m
␛[0;32mI (349395) tasks: Beacon from 0x0001: relative_logic_rate -0.001321, offset -10.878174␛[0m
␛[0;32mI (349405) tasks: logic time: 1590257425998 (high/low: 370 1119526478) hardware_time: 40526␛[0m
␛[0;32mI (350665) tasks: Time beacon task iteration 70␛[0m
␛[0;32mI (350665) tasks: Current local logic time: 1590257427277.756348 ms, offset diff/rate: -5.439087/0.000000␛[0m
␛[0;32mI (350665) blemesh: custom model cb␛[0m
␛[0;32mI (350665) blemesh: custom model cb␛[0m
␛[0;32mI (350675) blemesh: Send 0xd002e5␛[0m
